This is pdfTeXk, Version 3.141592-1.40.3 (Web2C 7.5.6) (format=pdflatex 2010.5.14)  10 NOV 2010 12:05
entering extended mode
 %&-line parsing enabled.
**talk.tex
(./talk.tex
LaTeX2e <2005/12/01>
Babel <v3.8h> and hyphenation patterns for english, usenglishmax, dumylang, noh
yphenation, croatian, ukrainian, russian, bulgarian, czech, slovak, danish, dut
ch, finnish, basque, french, german, ngerman, ibycus, greek, monogreek, ancient
greek, hungarian, italian, latin, mongolian, norsk, icelandic, interlingua, tur
kish, coptic, romanian, welsh, serbian, slovenian, estonian, esperanto, upperso
rbian, indonesian, polish, portuguese, spanish, catalan, galician, swedish, loa
ded.
(/usr/share/texmf/tex/latex/beamer/base/beamer.cls
(/usr/share/texmf/tex/latex/beamer/base/beamerbasercs.sty
Package: beamerbasercs 2007/01/28 (rcs-revision 1.4)
)
Document Class: beamer 2007/03/11 cvs version 3.07 A class for typesetting pres
entations (rcs-revision 1.70)
(/usr/share/texmf/tex/latex/beamer/base/beamerbasemodes.sty
Package: beamerbasemodes 2007/01/28 (rcs-revision 1.22)
\beamer@tempbox=\box26
\beamer@tempcount=\count79
\c@beamerpauses=\count80

(/usr/share/texmf/tex/latex/beamer/base/beamerbasedecode.sty
Package: beamerbasedecode 2007/01/28 (rcs-revision 1.20)
\beamer@slideinframe=\count81
\beamer@minimum=\count82
)
\beamer@commentbox=\box27
\beamer@modecount=\count83
)
\headheight=\dimen102
\headdp=\dimen103
\footheight=\dimen104
\sidebarheight=\dimen105
\beamer@tempdim=\dimen106
\beamer@finalheight=\dimen107
\beamer@animht=\dimen108
\beamer@animdp=\dimen109
\beamer@animwd=\dimen110
\beamer@leftmargin=\dimen111
\beamer@rightmargin=\dimen112
\beamer@leftsidebar=\dimen113
\beamer@rightsidebar=\dimen114
\beamer@boxsize=\dimen115
\beamer@vboxoffset=\dimen116
\beamer@descdefault=\dimen117
\beamer@descriptionwidth=\dimen118
\beamer@lastskip=\skip41
\beamer@areabox=\box28
\beamer@animcurrent=\box29
\beamer@animshowbox=\box30
\beamer@sectionbox=\box31
\beamer@logobox=\box32
\beamer@linebox=\box33
\beamer@sectioncount=\count84
\beamer@subsubsectionmax=\count85
\beamer@subsectionmax=\count86
\beamer@sectionmax=\count87
\beamer@totalheads=\count88
\beamer@headcounter=\count89
\beamer@partstartpage=\count90
\beamer@sectionstartpage=\count91
\beamer@subsectionstartpage=\count92
\beamer@animationtempa=\count93
\beamer@animationtempb=\count94
\beamer@xpos=\count95
\beamer@ypos=\count96
\beamer@showpartnumber=\count97
\beamer@currentsubsection=\count98
\beamer@coveringdepth=\count99
\beamer@sectionadjust=\count100
\beamer@tocsectionnumber=\count101

(/usr/share/texmf/tex/latex/beamer/base/beamerbaseoptions.sty
Package: beamerbaseoptions 2007/01/28 (rcs-revision 1.8)

(/usr/share/texmf-texlive/tex/latex/graphics/keyval.sty
Package: keyval 1999/03/16 v1.13 key=value parser (DPC)
\KV@toks@=\toks14
))

Class beamer Warning: This option is obsolete. Use beamer option ``hide notes''
 instead. on input line 300.

(/usr/share/texmf/tex/latex/pgf/basiclayer/pgfcore.sty
(/usr/share/texmf-texlive/tex/latex/graphics/graphicx.sty
Package: graphicx 1999/02/16 v1.0f Enhanced LaTeX Graphics (DPC,SPQR)

(/usr/share/texmf-texlive/tex/latex/graphics/graphics.sty
Package: graphics 2006/02/20 v1.0o Standard LaTeX Graphics (DPC,SPQR)

(/usr/share/texmf-texlive/tex/latex/graphics/trig.sty
Package: trig 1999/03/16 v1.09 sin cos tan (DPC)
)
(/etc/texmf/tex/latex/config/graphics.cfg
File: graphics.cfg 2007/01/18 v1.5 graphics configuration of teTeX/TeXLive
)
Package graphics Info: Driver file: pdftex.def on input line 90.

(/usr/share/texmf-texlive/tex/latex/pdftex-def/pdftex.def
File: pdftex.def 2007/01/08 v0.04d Graphics/color for pdfTeX
\Gread@gobject=\count102
))
\Gin@req@height=\dimen119
\Gin@req@width=\dimen120
)
(/usr/share/texmf/tex/latex/pgf/systemlayer/pgfsys.sty
(/usr/share/texmf/tex/latex/pgf/utilities/pgfrcs.sty
(/usr/share/texmf/tex/generic/pgf/utilities/pgfutil-common.tex)
(/usr/share/texmf/tex/generic/pgf/utilities/pgfutil-latex.def)
(/usr/share/texmf/tex/generic/pgf/utilities/pgfrcs.code.tex
Package: pgfrcs 2007/06/08 v1.18 (rcs-revision 1.16)
))
(/usr/share/texmf/tex/generic/pgf/systemlayer/pgfsys.code.tex
Package: pgfsys 2007/06/07 v1.18 (rcs-revision 1.24)
\pgf@x=\dimen121
\pgf@y=\dimen122
\pgf@xa=\dimen123
\pgf@ya=\dimen124
\pgf@xb=\dimen125
\pgf@yb=\dimen126
\pgf@xc=\dimen127
\pgf@yc=\dimen128
\c@pgf@counta=\count103
\c@pgf@countb=\count104
\c@pgf@countc=\count105
\c@pgf@countd=\count106

(/usr/share/texmf/tex/generic/pgf/systemlayer/pgf.cfg
File: pgf.cfg 2007/03/20  (rcs-revision 1.4)
)
Package pgfsys Info: Driver file for pgf: pgfsys-pdftex.def on input line 846.

(/usr/share/texmf/tex/generic/pgf/systemlayer/pgfsys-pdftex.def
File: pgfsys-pdftex.def 2007/06/07  (rcs-revision 1.15)

(/usr/share/texmf/tex/generic/pgf/systemlayer/pgfsys-common-pdf.def
File: pgfsys-common-pdf.def 2006/10/16  (rcs-revision 1.7)
)))
(/usr/share/texmf/tex/generic/pgf/systemlayer/pgfsyssoftpath.code.tex
File: pgfsyssoftpath.code.tex 2007/02/19  (rcs-revision 1.5)
)
(/usr/share/texmf/tex/generic/pgf/systemlayer/pgfsysprotocol.code.tex
File: pgfsysprotocol.code.tex 2006/10/16  (rcs-revision 1.4)
))
(/usr/share/texmf/tex/latex/xcolor/xcolor.sty
Package: xcolor 2007/01/21 v2.11 LaTeX color extensions (UK)

(/etc/texmf/tex/latex/config/color.cfg
File: color.cfg 2007/01/18 v1.5 color configuration of teTeX/TeXLive
)
Package xcolor Info: Driver file: pdftex.def on input line 225.
Package xcolor Info: Model `cmy' substituted by `cmy0' on input line 1337.
Package xcolor Info: Model `hsb' substituted by `rgb' on input line 1341.
Package xcolor Info: Model `RGB' extended on input line 1353.
Package xcolor Info: Model `HTML' substituted by `rgb' on input line 1355.
Package xcolor Info: Model `Hsb' substituted by `hsb' on input line 1356.
Package xcolor Info: Model `tHsb' substituted by `hsb' on input line 1357.
Package xcolor Info: Model `HSB' substituted by `hsb' on input line 1358.
Package xcolor Info: Model `Gray' substituted by `gray' on input line 1359.
Package xcolor Info: Model `wave' substituted by `hsb' on input line 1360.

(/usr/share/texmf/tex/latex/xcolor/svgnam.def
File: svgnam.def 2007/01/21 v2.11 Predefined colors according to SVG 1.1 (UK)
))
(/usr/share/texmf/tex/generic/pgf/basiclayer/pgfcore.code.tex
Package: pgfcore 2007/03/09 v1.18 (rcs-revision 1.5)

(/usr/share/texmf/tex/generic/pgf/math/pgfmath.code.tex
(/usr/share/texmf/tex/generic/pgf/math/pgfmathcalc.code.tex
(/usr/share/texmf/tex/generic/pgf/math/pgfmathutil.code.tex)
(/usr/share/texmf/tex/generic/pgf/math/pgfmathparser.code.tex
\pgfmath@stack=\toks15
\c@pgfmath@parsecounta=\count107
\c@pgfmath@parsecountb=\count108
\c@pgfmath@parsecountc=\count109
\pgfmath@parsex=\dimen129
)
(/usr/share/texmf/tex/generic/pgf/math/pgfmathoperations.code.tex
(/usr/share/texmf/tex/generic/pgf/math/pgfmathtrig.code.tex)
(/usr/share/texmf/tex/generic/pgf/math/pgfmathrnd.code.tex))
(/usr/share/texmf/tex/generic/pgf/math/pgfmathbase.code.tex)))
(/usr/share/texmf/tex/generic/pgf/basiclayer/pgfcorepoints.code.tex
File: pgfcorepoints.code.tex 2007/04/19  (rcs-revision 1.9)
\pgf@picminx=\dimen130
\pgf@picmaxx=\dimen131
\pgf@picminy=\dimen132
\pgf@picmaxy=\dimen133
\pgf@pathminx=\dimen134
\pgf@pathmaxx=\dimen135
\pgf@pathminy=\dimen136
\pgf@pathmaxy=\dimen137
\pgf@xx=\dimen138
\pgf@xy=\dimen139
\pgf@yx=\dimen140
\pgf@yy=\dimen141
\pgf@zx=\dimen142
\pgf@zy=\dimen143
)
(/usr/share/texmf/tex/generic/pgf/basiclayer/pgfcorepathconstruct.code.tex
File: pgfcorepathconstruct.code.tex 2007/06/07  (rcs-revision 1.9)
\pgf@path@lastx=\dimen144
\pgf@path@lasty=\dimen145
)
(/usr/share/texmf/tex/generic/pgf/basiclayer/pgfcorepathusage.code.tex
File: pgfcorepathusage.code.tex 2007/03/09  (rcs-revision 1.8)
\pgf@shorten@end@additional=\dimen146
\pgf@shorten@start@additional=\dimen147
)
(/usr/share/texmf/tex/generic/pgf/basiclayer/pgfcorescopes.code.tex
File: pgfcorescopes.code.tex 2007/06/07  (rcs-revision 1.24)
\pgfpic=\box34
\pgf@hbox=\box35
\pgf@layerbox@main=\box36
\pgf@picture@serial@count=\count110
)
(/usr/share/texmf/tex/generic/pgf/basiclayer/pgfcoregraphicstate.code.tex
File: pgfcoregraphicstate.code.tex 2007/03/09  (rcs-revision 1.7)
\pgflinewidth=\dimen148
)
(/usr/share/texmf/tex/generic/pgf/basiclayer/pgfcoretransformations.code.tex
File: pgfcoretransformations.code.tex 2007/06/07  (rcs-revision 1.6)
\pgf@pt@x=\dimen149
\pgf@pt@y=\dimen150
\pgf@pt@temp=\dimen151
)
(/usr/share/texmf/tex/generic/pgf/basiclayer/pgfcorequick.code.tex
File: pgfcorequick.code.tex 2006/10/11  (rcs-revision 1.2)
)
(/usr/share/texmf/tex/generic/pgf/basiclayer/pgfcoreobjects.code.tex
File: pgfcoreobjects.code.tex 2006/10/11  (rcs-revision 1.2)
)
(/usr/share/texmf/tex/generic/pgf/basiclayer/pgfcorepathprocessing.code.tex
File: pgfcorepathprocessing.code.tex 2007/03/09  (rcs-revision 1.6)
)
(/usr/share/texmf/tex/generic/pgf/basiclayer/pgfcorearrows.code.tex
File: pgfcorearrows.code.tex 2007/06/07  (rcs-revision 1.8)
)
(/usr/share/texmf/tex/generic/pgf/basiclayer/pgfcoreshade.code.tex
File: pgfcoreshade.code.tex 2007/03/09  (rcs-revision 1.8)
\pgf@max=\dimen152
\pgf@sys@shading@range@num=\count111
)))
(/usr/share/texmf/tex/latex/pgf/basiclayer/pgfbaseimage.sty
(/usr/share/texmf/tex/generic/pgf/basiclayer/pgfbaseimage.code.tex
Package: pgfbaseimage 2007/05/31 v1.18 (rcs-revision 1.7)
\pgfexternal@startupbox=\box37
))
(/usr/share/texmf/tex/latex/pgf/utilities/xxcolor.sty
Package: xxcolor 2003/10/24 ver 0.1
\XC@nummixins=\count112
\XC@countmixins=\count113
)
(/usr/share/texmf-texlive/tex/latex/amsfonts/amssymb.sty
Package: amssymb 2002/01/22 v2.2d

(/usr/share/texmf-texlive/tex/latex/amsfonts/amsfonts.sty
Package: amsfonts 2001/10/25 v2.2f
\@emptytoks=\toks16
\symAMSa=\mathgroup4
\symAMSb=\mathgroup5
LaTeX Font Info:    Overwriting math alphabet `\mathfrak' in version `bold'
(Font)                  U/euf/m/n --> U/euf/b/n on input line 132.
))
(/usr/share/texmf-texlive/tex/latex/geometry/geometry.sty
Package: geometry 2002/07/08 v3.2 Page Geometry
\Gm@cnth=\count114
\Gm@cntv=\count115
\c@Gm@tempcnt=\count116
\Gm@bindingoffset=\dimen153
\Gm@wd@mp=\dimen154
\Gm@odd@mp=\dimen155
\Gm@even@mp=\dimen156
\Gm@dimlist=\toks17
)
(/usr/share/texmf-texlive/tex/latex/hyperref/hyperref.sty
Package: hyperref 2007/02/07 v6.75r Hypertext links for LaTeX
\@linkdim=\dimen157
\Hy@linkcounter=\count117
\Hy@pagecounter=\count118

(/usr/share/texmf-texlive/tex/latex/hyperref/pd1enc.def
File: pd1enc.def 2007/02/07 v6.75r Hyperref: PDFDocEncoding definition (HO)
)
(/etc/texmf/tex/latex/config/hyperref.cfg
File: hyperref.cfg 2002/06/06 v1.2 hyperref configuration of TeXLive
)
(/usr/share/texmf-texlive/tex/latex/oberdiek/kvoptions.sty
Package: kvoptions 2006/08/22 v2.4 Connects package keyval with LaTeX options (
HO)
)
Package hyperref Info: Option `bookmarks' set `true' on input line 2238.
Package hyperref Info: Option `bookmarksopen' set `true' on input line 2238.
Package hyperref Info: Option `implicit' set `false' on input line 2238.
Package hyperref Info: Hyper figures OFF on input line 2288.
Package hyperref Info: Link nesting OFF on input line 2293.
Package hyperref Info: Hyper index ON on input line 2296.
Package hyperref Info: Plain pages OFF on input line 2303.
Package hyperref Info: Backreferencing OFF on input line 2308.

Implicit mode OFF; no redefinition of LaTeX internals
Package hyperref Info: Bookmarks ON on input line 2444.
(/usr/share/texmf-texlive/tex/latex/ltxmisc/url.sty
\Urlmuskip=\muskip10
Package: url 2005/06/27  ver 3.2  Verb mode for urls, etc.
)
LaTeX Info: Redefining \url on input line 2599.
\Fld@menulength=\count119
\Field@Width=\dimen158
\Fld@charsize=\dimen159
\Choice@toks=\toks18
\Field@toks=\toks19
Package hyperref Info: Hyper figures OFF on input line 3102.
Package hyperref Info: Link nesting OFF on input line 3107.
Package hyperref Info: Hyper index ON on input line 3110.
Package hyperref Info: backreferencing OFF on input line 3117.
Package hyperref Info: Link coloring OFF on input line 3122.


Package hyperref Warning: Option `pdfpagelabels' is turned off
(hyperref)                because \thepage is undefined.

Hyperref stopped early
)
*hyperref using default driver hpdftex*
(/usr/share/texmf-texlive/tex/latex/hyperref/hpdftex.def
File: hpdftex.def 2007/02/07 v6.75r Hyperref driver for pdfTeX
\Fld@listcount=\count120
)
(/usr/share/texmf-texlive/tex/latex/extsizes/size8.clo
File: size8.clo 1999/11/11 v1.4a NON-Standard LaTeX file (size option)
)
(/usr/share/texmf/tex/latex/beamer/base/beamerbasecompatibility.sty
Package: beamerbasecompatibility 2007/01/28  (rcs-revision 1.63)
)
(/usr/share/texmf/tex/latex/beamer/base/beamerbasefont.sty
Package: beamerbasefont 2007/01/28  (rcs-revision 1.16)
)
(/usr/share/texmf/tex/latex/beamer/base/beamerbasemisc.sty
Package: beamerbasemisc 2007/01/28  (rcs-revision 1.24)
)
(/usr/share/texmf/tex/latex/beamer/base/beamerbasetwoscreens.sty
Package: beamerbasetwoscreens 2007/01/28  (rcs-revision 1.7)
)
(/usr/share/texmf/tex/latex/beamer/base/beamerbaseoverlay.sty
Package: beamerbaseoverlay 2007/01/28  (rcs-revision 1.50)
\beamer@argscount=\count121
\beamer@lastskipcover=\skip42
\beamer@trivlistdepth=\count122
)
(/usr/share/texmf/tex/latex/beamer/base/beamerbasetitle.sty
Package: beamerbasetitle 2007/01/28  (rcs-revision 1.25)
)
(/usr/share/texmf/tex/latex/beamer/base/beamerbasesection.sty
Package: beamerbasesection 2007/01/28  (rcs-revision 1.21)
\c@lecture=\count123
\c@part=\count124
\c@section=\count125
\c@subsection=\count126
\c@subsubsection=\count127
)
(/usr/share/texmf/tex/latex/beamer/base/beamerbaseframe.sty
Package: beamerbaseframe 2007/01/28  (rcs-revision 1.60)
\beamer@framebox=\box38
\beamer@frametitlebox=\box39
\beamer@zoombox=\box40
\beamer@zoomcount=\count128
\beamer@zoomframecount=\count129
\beamer@frametextheight=\dimen160
\c@subsectionslide=\count130
\beamer@frametopskip=\skip43
\beamer@framebottomskip=\skip44
\beamer@frametopskipautobreak=\skip45
\beamer@framebottomskipautobreak=\skip46
\beamer@envbody=\toks20
\c@framenumber=\count131
)
(/usr/share/texmf/tex/latex/beamer/base/beamerbaseverbatim.sty
Package: beamerbaseverbatim 2007/01/28  (rcs-revision 1.8)
\beamer@verbatimfileout=\write3
)
(/usr/share/texmf/tex/latex/beamer/base/beamerbaseframesize.sty
Package: beamerbaseframesize 2007/01/28  (rcs-revision 1.18)
\beamer@splitbox=\box41
\beamer@autobreakcount=\count132
\beamer@autobreaklastheight=\dimen161
\beamer@frametitletoks=\toks21
\beamer@framesubtitletoks=\toks22
)
(/usr/share/texmf/tex/latex/beamer/base/beamerbaseframecomponents.sty
Package: beamerbaseframecomponents 2007/01/28  (rcs-revision 1.41)
\beamer@footins=\box42
)
(/usr/share/texmf/tex/latex/beamer/base/beamerbasecolor.sty
Package: beamerbasecolor 2007/01/28  (rcs-revision 1.42)
)
(/usr/share/texmf/tex/latex/beamer/base/beamerbasenotes.sty
Package: beamerbasenotes 2007/01/28  (rcs-revision 1.23)
\beamer@frameboxcopy=\box43
)
(/usr/share/texmf/tex/latex/beamer/base/beamerbasetoc.sty
Package: beamerbasetoc 2007/01/28  (rcs-revision 1.21)
)
(/usr/share/texmf/tex/latex/beamer/base/beamerbasetemplates.sty
Package: beamerbasetemplates 2007/01/28  (rcs-revision 1.51)
\beamer@sbttoks=\toks23

(/usr/share/texmf/tex/latex/beamer/base/beamerbaseauxtemplates.sty
Package: beamerbaseauxtemplates 2007/01/28  (rcs-revision 1.28)

(/usr/share/texmf/tex/latex/beamer/base/beamerbaseboxes.sty
Package: beamerbaseboxes 2007/03/11  (rcs-revision 1.32)
\bmb@box=\box44
\bmb@colorbox=\box45
\bmb@boxshadow=\box46
\bmb@boxshadowball=\box47
\bmb@boxshadowballlarge=\box48
\bmb@temp=\dimen162
\bmb@dima=\dimen163
\bmb@dimb=\dimen164
\bmb@prevheight=\dimen165
)
\beamer@blockheadheight=\dimen166
))
(/usr/share/texmf/tex/latex/beamer/base/beamerbaselocalstructure.sty
Package: beamerbaselocalstructure 2007/01/28  (rcs-revision 1.53)

(/usr/share/texmf-texlive/tex/latex/tools/enumerate.sty
Package: enumerate 1999/03/05 v3.00 enumerate extensions (DPC)
\@enLab=\toks24
)
\c@figure=\count133
\c@table=\count134
\abovecaptionskip=\skip47
\belowcaptionskip=\skip48
)
(/usr/share/texmf/tex/latex/beamer/base/beamerbasenavigation.sty
Package: beamerbasenavigation 2007/01/28  (rcs-revision 1.36)
)
(/usr/share/texmf/tex/latex/beamer/base/beamerbasetheorems.sty
Package: beamerbasetheorems 2007/01/28  (rcs-revision 1.10)

(/usr/share/texmf-texlive/tex/latex/amsmath/amsmath.sty
Package: amsmath 2000/07/18 v2.13 AMS math features
\@mathmargin=\skip49

For additional information on amsmath, use the `?' option.
(/usr/share/texmf-texlive/tex/latex/amsmath/amstext.sty
Package: amstext 2000/06/29 v2.01

(/usr/share/texmf-texlive/tex/latex/amsmath/amsgen.sty
File: amsgen.sty 1999/11/30 v2.0
\@emptytoks=\toks25
\ex@=\dimen167
))
(/usr/share/texmf-texlive/tex/latex/amsmath/amsbsy.sty
Package: amsbsy 1999/11/29 v1.2d
\pmbraise@=\dimen168
)
(/usr/share/texmf-texlive/tex/latex/amsmath/amsopn.sty
Package: amsopn 1999/12/14 v2.01 operator names
)
\inf@bad=\count135
LaTeX Info: Redefining \frac on input line 211.
\uproot@=\count136
\leftroot@=\count137
LaTeX Info: Redefining \overline on input line 307.
\classnum@=\count138
\DOTSCASE@=\count139
LaTeX Info: Redefining \ldots on input line 379.
LaTeX Info: Redefining \dots on input line 382.
LaTeX Info: Redefining \cdots on input line 467.
\Mathstrutbox@=\box49
\strutbox@=\box50
\big@size=\dimen169
LaTeX Font Info:    Redeclaring font encoding OML on input line 567.
LaTeX Font Info:    Redeclaring font encoding OMS on input line 568.
\macc@depth=\count140
\c@MaxMatrixCols=\count141
\dotsspace@=\muskip11
\c@parentequation=\count142
\dspbrk@lvl=\count143
\tag@help=\toks26
\row@=\count144
\column@=\count145
\maxfields@=\count146
\andhelp@=\toks27
\eqnshift@=\dimen170
\alignsep@=\dimen171
\tagshift@=\dimen172
\tagwidth@=\dimen173
\totwidth@=\dimen174
\lineht@=\dimen175
\@envbody=\toks28
\multlinegap=\skip50
\multlinetaggap=\skip51
\mathdisplay@stack=\toks29
LaTeX Info: Redefining \[ on input line 2666.
LaTeX Info: Redefining \] on input line 2667.
)
(/usr/share/texmf-texlive/tex/latex/amscls/amsthm.sty
Package: amsthm 2004/08/06 v2.20
\thm@style=\toks30
\thm@bodyfont=\toks31
\thm@headfont=\toks32
\thm@notefont=\toks33
\thm@headpunct=\toks34
\thm@preskip=\skip52
\thm@postskip=\skip53
\thm@headsep=\skip54
\dth@everypar=\toks35
)
\c@theorem=\count147
)
(/usr/share/texmf/tex/latex/beamer/base/beamerbasethemes.sty
Package: beamerbasethemes 2007/01/28  (rcs-revision 1.10)
)
(/usr/share/texmf/tex/latex/beamer/themes/theme/beamerthemedefault.sty
Package: beamerthemedefault 2007/01/28  (rcs-revision 1.7)

(/usr/share/texmf/tex/latex/beamer/themes/font/beamerfontthemedefault.sty
Package: beamerfontthemedefault 2007/01/28  (rcs-revision 1.13)
)
(/usr/share/texmf/tex/latex/beamer/themes/color/beamercolorthemedefault.sty
Package: beamercolorthemedefault 2007/01/28  (rcs-revision 1.28)
)
(/usr/share/texmf/tex/latex/beamer/themes/inner/beamerinnerthemedefault.sty
Package: beamerinnerthemedefault 2007/01/28  (rcs-revision 1.20)
\beamer@dima=\dimen176
\beamer@dimb=\dimen177
)
(/usr/share/texmf/tex/latex/beamer/themes/outer/beamerouterthemedefault.sty
Package: beamerouterthemedefault 2007/01/28  (rcs-revision 1.14)
)))
(/usr/share/texmf-texlive/tex/latex/textpos/textpos.sty
Package: textpos 2006/09/02 v1.7a

Package: `textpos' 1.7a <2006 September 2>
(/usr/share/texmf-texlive/tex/latex/everyshi/everyshi.sty
Package: everyshi 2001/05/15 v3.00 EveryShipout Package (MS)
)
\TP@textbox=\box51
\TP@holdbox=\box52
\TPHorizModule=\dimen178
\TPVertModule=\dimen179
\TP@margin=\dimen180
\TP@absmargin=\dimen181

Grid set 16 x 16 = 22.7622pt x 17.07166pt
\TPboxrulesize=\dimen182
\TP@ox=\dimen183
\TP@oy=\dimen184
\TP@tbargs=\toks36
\TP@prevdepth=\dimen185
TextBlockOrigin set to 0pt x 0pt
) (/usr/share/texmf/tex/latex/beamer/themes/theme/beamerthemeMadrid.sty
Package: beamerthemeMadrid 2007/01/28  (rcs-revision 1.8)

(/usr/share/texmf/tex/latex/beamer/themes/color/beamercolorthemewhale.sty
Package: beamercolorthemewhale 2007/01/28  (rcs-revision 1.4)
)
(/usr/share/texmf/tex/latex/beamer/themes/color/beamercolorthemeorchid.sty
Package: beamercolorthemeorchid 2007/01/28  (rcs-revision 1.3)
)
(/usr/share/texmf/tex/latex/beamer/themes/inner/beamerinnerthemerounded.sty
Package: beamerinnerthemerounded 2007/01/28  (rcs-revision 1.5)
)
(/usr/share/texmf/tex/latex/beamer/themes/outer/beamerouterthemeinfolines.sty
Package: beamerouterthemeinfolines 2007/01/28  (rcs-revision 1.9)
)) (/usr/share/texmf/tex/latex/beamer/themes/color/beamercolorthemestructure.st
y
Package: beamercolorthemestructure 2007/01/28  (rcs-revision 1.4)
)
(/usr/share/texmf/tex/latex/beamer/themes/font/beamerfontthemestructurebold.sty
Package: beamerfontthemestructurebold 2007/01/28  (rcs-revision 1.3)
) (/usr/share/texmf-texlive/tex/latex/fancybox/fancybox.sty
Package: fancybox 2000/09/19 1.3

Style option: `fancybox' v1.3 <2000/09/19> (tvz)
\@fancybox=\box53
\shadowsize=\dimen186
\@Sbox=\box54
\do@VerbBox=\toks37
\the@fancyput=\toks38
\this@fancyput=\toks39
\EndVerbatimTokens=\toks40
\Verbatim@Outfile=\write4
\Verbatim@Infile=\read1
) (/h2/truman/texmf/tex/latex/animate/animate.sty
Package: animate 2010/09/28 PDF animations from files and inline graphics

(/usr/share/texmf-texlive/tex/latex/base/ifthen.sty
Package: ifthen 2001/05/26 v1.1c Standard LaTeX ifthen package (DPC)
)
(/usr/share/texmf-texlive/tex/generic/oberdiek/ifpdf.sty
Package: ifpdf 2006/02/20 v1.4 Provides the ifpdf switch (HO)
Package ifpdf Info: pdfTeX in pdf mode detected.
)
(/usr/share/texmf-texlive/tex/latex/oberdiek/ifdraft.sty
Package: ifdraft 2006/02/20 v1.2 Switch for option draft (HO)
)
(/usr/share/texmf-texlive/tex/latex/tools/calc.sty
Package: calc 2005/08/06 v4.2 Infix arithmetic (KKT,FJ)
\calc@Acount=\count148
\calc@Bcount=\count149
\calc@Adimen=\dimen187
\calc@Bdimen=\dimen188
\calc@Askip=\skip55
\calc@Bskip=\skip56
LaTeX Info: Redefining \setlength on input line 75.
LaTeX Info: Redefining \addtolength on input line 76.
\calc@Ccount=\count150
\calc@Cskip=\skip57
)
(/h2/truman/texmf/tex/latex/animate/animfp.sty
Package: animfp 2009/07/23 fixed point addition for animate.sty
\afp@xs=\count151
\afp@xia=\count152
\afp@xib=\count153
\afp@xfa=\count154
\afp@xfb=\count155
\afp@rega=\count156
\afp@regb=\count157
\afp@regs=\count158
)

Package animate Warning: Neither of the files `supp-pdf.mkii' and `supp-pdf.tex
',
(animate)                which are part of ConTeXt, could be found.
(animate)                Therefore, MetaPost generated PS files cannot
(animate)                be embedded using pdfTeX.

\@anim@@fields=\count159
\@anim@@ocgs=\count160
\@anim@@posterocgs=\count161
\@anim@box=\box55
\@anim@tmpdima=\dimen189
\@anim@tmpdimb=\dimen190
\@anim@num=\count162
\@anim@curframe=\count163
\@anim@curframe@zb=\count164
\@anim@resize=\count165
\@anim@skipfram=\count166
\@anim@mulframecnt=\count167
\@anim@@tmlnfile=\read2
\@anim@tmpcnt=\count168
\c@@anim@tmpcnt=\count169
\@anim@curlayer=\count170
\@anim@lineno=\count171
\@anim@begin=\toks41
\@anim@end=\toks42
)

Package hyperref Warning: Token not allowed in a PDFDocEncoded string,
(hyperref)                removing `\\' on input line 36.


Package hyperref Warning: Token not allowed in a PDFDocEncoded string,
(hyperref)                removing `\\' on input line 36.

(./talk.aux)
\openout1 = `talk.aux'.

LaTeX Font Info:    Checking defaults for OML/cmm/m/it on input line 45.
LaTeX Font Info:    ... okay on input line 45.
LaTeX Font Info:    Checking defaults for T1/cmr/m/n on input line 45.
LaTeX Font Info:    ... okay on input line 45.
LaTeX Font Info:    Checking defaults for OT1/cmr/m/n on input line 45.
LaTeX Font Info:    ... okay on input line 45.
LaTeX Font Info:    Checking defaults for OMS/cmsy/m/n on input line 45.
LaTeX Font Info:    ... okay on input line 45.
LaTeX Font Info:    Checking defaults for OMX/cmex/m/n on input line 45.
LaTeX Font Info:    ... okay on input line 45.
LaTeX Font Info:    Checking defaults for U/cmr/m/n on input line 45.
LaTeX Font Info:    ... okay on input line 45.
LaTeX Font Info:    Checking defaults for PD1/pdf/m/n on input line 45.
LaTeX Font Info:    ... okay on input line 45.
-------------------- Geometry parameters
paper: user defined
landscape: --
twocolumn: --
twoside: --
asymmetric: --
h-parts: 8.50012pt, 347.19511pt, 8.50012pt
v-parts: 0.0pt, 273.14662pt, 0.0pt
hmarginratio: --
vmarginratio: --
lines: --
heightrounded: --
bindingoffset: 0.0pt
truedimen: --
includehead: true
includefoot: true
includemp: --
driver: pdftex
-------------------- Page layout dimensions and switches
\paperwidth  364.19536pt
\paperheight 273.14662pt
\textwidth  347.19511pt
\textheight 244.6939pt
\oddsidemargin  -63.76987pt
\evensidemargin -63.76987pt
\topmargin  -72.26999pt
\headheight 14.22636pt
\headsep    0.0pt
\footskip   14.22636pt
\marginparwidth 4.0pt
\marginparsep   10.0pt
\columnsep  10.0pt
\skip\footins  7.0pt plus 4.0pt minus 2.0pt
\hoffset 0.0pt
\voffset 0.0pt
\mag 1000

(1in=72.27pt, 1cm=28.45pt)
-----------------------
Package hyperref Info: Link coloring OFF on input line 45.
 (/usr/share/texmf-texlive/tex/latex/hyperref/nameref.sty
Package: nameref 2006/12/27 v2.28 Cross-referencing by name of section

(/usr/share/texmf-texlive/tex/latex/oberdiek/refcount.sty
Package: refcount 2006/02/20 v3.0 Data extraction from references (HO)
)
\c@section@level=\count172
)
LaTeX Info: Redefining \ref on input line 45.
LaTeX Info: Redefining \pageref on input line 45.
 (./talk.out)
(./talk.out)
\@outlinefile=\write5
\openout5 = `talk.out'.

LaTeX Font Info:    Overwriting symbol font `operators' in version `normal'
(Font)                  OT1/cmr/m/n --> OT1/cmss/m/n on input line 45.
LaTeX Font Info:    Overwriting symbol font `operators' in version `bold'
(Font)                  OT1/cmr/bx/n --> OT1/cmss/bx/n on input line 45.
\symnumbers=\mathgroup6
\sympureletters=\mathgroup7
LaTeX Font Info:    Overwriting math alphabet `\mathrm' in version `normal'
(Font)                  OT1/cmss/m/n --> OT1/cmr/m/n on input line 45.
LaTeX Font Info:    Redeclaring math alphabet \mathbf on input line 45.
LaTeX Font Info:    Overwriting math alphabet `\mathbf' in version `normal'
(Font)                  OT1/cmr/bx/n --> OT1/cmss/bx/n on input line 45.
LaTeX Font Info:    Overwriting math alphabet `\mathbf' in version `bold'
(Font)                  OT1/cmr/bx/n --> OT1/cmss/bx/n on input line 45.
LaTeX Font Info:    Redeclaring math alphabet \mathsf on input line 45.
LaTeX Font Info:    Overwriting math alphabet `\mathsf' in version `normal'
(Font)                  OT1/cmss/m/n --> OT1/cmss/m/n on input line 45.
LaTeX Font Info:    Overwriting math alphabet `\mathsf' in version `bold'
(Font)                  OT1/cmss/bx/n --> OT1/cmss/m/n on input line 45.
LaTeX Font Info:    Redeclaring math alphabet \mathit on input line 45.
LaTeX Font Info:    Overwriting math alphabet `\mathit' in version `normal'
(Font)                  OT1/cmr/m/it --> OT1/cmss/m/it on input line 45.
LaTeX Font Info:    Overwriting math alphabet `\mathit' in version `bold'
(Font)                  OT1/cmr/bx/it --> OT1/cmss/m/it on input line 45.
LaTeX Font Info:    Redeclaring math alphabet \mathtt on input line 45.
LaTeX Font Info:    Overwriting math alphabet `\mathtt' in version `normal'
(Font)                  OT1/cmtt/m/n --> OT1/cmtt/m/n on input line 45.
LaTeX Font Info:    Overwriting math alphabet `\mathtt' in version `bold'
(Font)                  OT1/cmtt/m/n --> OT1/cmtt/m/n on input line 45.
LaTeX Font Info:    Overwriting symbol font `numbers' in version `bold'
(Font)                  OT1/cmss/m/n --> OT1/cmss/bx/n on input line 45.
LaTeX Font Info:    Overwriting symbol font `pureletters' in version `bold'
(Font)                  OT1/cmss/m/it --> OT1/cmss/bx/it on input line 45.
LaTeX Font Info:    Overwriting math alphabet `\mathrm' in version `bold'
(Font)                  OT1/cmss/bx/n --> OT1/cmr/bx/n on input line 45.
LaTeX Font Info:    Overwriting math alphabet `\mathbf' in version `bold'
(Font)                  OT1/cmss/bx/n --> OT1/cmss/bx/n on input line 45.
LaTeX Font Info:    Overwriting math alphabet `\mathsf' in version `bold'
(Font)                  OT1/cmss/m/n --> OT1/cmss/bx/n on input line 45.
LaTeX Font Info:    Overwriting math alphabet `\mathit' in version `bold'
(Font)                  OT1/cmss/m/it --> OT1/cmss/bx/it on input line 45.
LaTeX Font Info:    Overwriting math alphabet `\mathtt' in version `bold'
(Font)                  OT1/cmtt/m/n --> OT1/cmtt/bx/n on input line 45.
 ABD: EveryShipout initializing macros
No file talk.nav.
<figures/LLNL_logo.png, id=18, 73.39922pt x 70.57617pt>
File: figures/LLNL_logo.png Graphic file (type png)

<use figures/LLNL_logo.png> [1

{/var/lib/texmf/fonts/map/pdftex/updmap/pdftex.map} <./figures/LLNL_logo.png (P
NG copy)>]
LaTeX Font Info:    Try loading font information for U+msa on input line 98.

(/usr/share/texmf-texlive/tex/latex/amsfonts/umsa.fd
File: umsa.fd 2002/01/19 v2.2g AMS font definitions
)
LaTeX Font Info:    Try loading font information for U+msb on input line 98.

(/usr/share/texmf-texlive/tex/latex/amsfonts/umsb.fd
File: umsb.fd 2002/01/19 v2.2g AMS font definitions
)
<figures/IntroTriplePoint.png, id=32, 271.7352pt x 237.5274pt>
File: figures/IntroTriplePoint.png Graphic file (type png)

<use figures/IntroTriplePoint.png>
Overfull \hbox (37.63939pt too wide) in paragraph at lines 98--98
 []\OT1/cmss/m/n/8 Curvilinear 
 []


LaTeX Font Warning: Font shape `OT1/cmss/bx/n' in size <4> not available
(Font)              size <5> substituted on input line 98.


LaTeX Font Warning: Font shape `OT1/cmss/m/n' in size <4> not available
(Font)              size <5> substituted on input line 98.

[2

 <./figures/IntroTriplePoint.png>]
File: figures/IntroTriplePoint.png Graphic file (type png)
 <use figures/IntroTriplePoint.png>
Overfull \hbox (37.63939pt too wide) in paragraph at lines 98--98
 []\OT1/cmss/m/n/8 Curvilinear 
 []

[3

]
No file talk.toc.
[4

]
No file talk.toc.
[5

]
Missing character: There is no ‚ in font cmss8!
Missing character: There is no Ä in font cmss8!
Missing character: There is no ù in font cmss8!
Missing character: There is no ‚ in font cmss8!
Missing character: There is no Ä in font cmss8!
Missing character: There is no ù in font cmss8!
 <figures/HEMPLagHydro.png, id=61, 218.7372pt x 218.7372pt>
File: figures/HEMPLagHydro.png Graphic file (type png)

<use figures/HEMPLagHydro.png> [6

 <./figures/HEMPLagHydro.png (PNG copy)>]
<figures/Motion-Q1.pdf, id=75, 154.5775pt x 189.70876pt>
File: figures/Motion-Q1.pdf Graphic file (type pdf)

<use figures/Motion-Q1.pdf>
<figures/Motion-Q2.pdf, id=76, 157.58875pt x 198.7425pt>
File: figures/Motion-Q2.pdf Graphic file (type pdf)

<use figures/Motion-Q2.pdf>
<figures/Motion-Sedov.pdf, id=77, 301.125pt x 299.24297pt>
File: figures/Motion-Sedov.pdf Graphic file (type pdf)

<use figures/Motion-Sedov.pdf> [7

 <./figures/Motion-Q1.pdf> <./figures/Motion-Q2.pdf> <./figures/Motion-Sedov.pd
f>]
No file talk.toc.
[8

]
\openout3 = `talk.vrb'.

 (./talk.vrb
<figures/Q2_Element_Ref.pdf, id=109, 1062.97125pt x 816.04875pt>
File: figures/Q2_Element_Ref.pdf Graphic file (type pdf)

<use figures/Q2_Element_Ref.pdf>
<figures/transSpace_new.png, id=110, 251.93187pt x 280.97496pt>
File: figures/transSpace_new.png Graphic file (type png)

<use figures/transSpace_new.png>
<figures/Q2_Element_Phys.pdf, id=111, 1062.97125pt x 816.04875pt>
File: figures/Q2_Element_Phys.pdf Graphic file (type pdf)

<use figures/Q2_Element_Phys.pdf>) [9

 <./figures/Q2_Element_Ref.pdf> <./figures/transSpace_new.png (PNG copy)> <./fi
gures/Q2_Element_Phys.pdf>]
<figures/Thermo_DOFs.pdf, id=136, 216.81pt x 216.81pt>
File: figures/Thermo_DOFs.pdf Graphic file (type pdf)

<use figures/Thermo_DOFs.pdf>
<figures/disc_field.png, id=137, 1462.46375pt x 1117.17375pt>
File: figures/disc_field.png Graphic file (type png)

<use figures/disc_field.png>

LaTeX Font Warning: Font shape `OT1/cmss/bx/it' undefined
(Font)              using `OT1/cmss/bx/n' instead on input line 446.

[10

 <./figures/Thermo_DOFs.pdf

pdfTeX warning: pdflatex (file ./figures/Thermo_DOFs.pdf): PDF inclusion: Page 
Group detected which pdfTeX can't handle. Ignoring it.
> <./figures/disc_field.png (PNG copy)>] [11

] [12

]
<figures/Screenshot.png, id=174, 1284.8pt x 999.735pt>
File: figures/Screenshot.png Graphic file (type png)

<use figures/Screenshot.png> [13

 <./figures/Screenshot.png>] <./figures/simpleicf_pdrive/density0000.png (PNG c
opy)> <./figures/simpleicf_pdrive/density0002.png (PNG copy)> <./figures/simple
icf_pdrive/density0004.png (PNG copy)> <./figures/simpleicf_pdrive/density0006.
png (PNG copy)> <./figures/simpleicf_pdrive/density0008.png (PNG copy)> <./figu
res/simpleicf_pdrive/density0010.png (PNG copy)> <./figures/simpleicf_pdrive/de
nsity0012.png (PNG copy)> <./figures/simpleicf_pdrive/density0014.png (PNG copy
)> <./figures/simpleicf_pdrive/density0016.png (PNG copy)> <./figures/simpleicf
_pdrive/density0018.png (PNG copy)> <./figures/simpleicf_pdrive/density0020.png
 (PNG copy)> <./figures/simpleicf_pdrive/density0022.png (PNG copy)> <./figures
/simpleicf_pdrive/density0024.png (PNG copy)> <./figures/simpleicf_pdrive/densi
ty0026.png (PNG copy)> <./figures/simpleicf_pdrive/density0028.png (PNG copy)> 
<./figures/simpleicf_pdrive/density0030.png (PNG copy)> <./figures/simpleicf_pd
rive/density0032.png (PNG copy)> <./figures/simpleicf_pdrive/density0034.png (P
NG copy)> <./figures/simpleicf_pdrive/density0036.png (PNG copy)> <./figures/si
mpleicf_pdrive/density0038.png (PNG copy)> <./figures/simpleicf_pdrive/density0
040.png (PNG copy)> <./figures/simpleicf_pdrive/density0042.png (PNG copy)> <./
figures/simpleicf_pdrive/density0044.png (PNG copy)> <./figures/simpleicf_pdriv
e/density0046.png (PNG copy)> <./figures/simpleicf_pdrive/density0048.png (PNG 
copy)> <./figures/simpleicf_pdrive/density0050.png (PNG copy)> <./figures/simpl
eicf_pdrive/density0052.png (PNG copy)> <./figures/simpleicf_pdrive/density0054
.png (PNG copy)> <./figures/simpleicf_pdrive/density0056.png (PNG copy)> <./fig
ures/simpleicf_pdrive/density0058.png (PNG copy)> <./figures/simpleicf_pdrive/d
ensity0060.png (PNG copy)> <./figures/simpleicf_pdrive/density0062.png (PNG cop
y)> <./figures/simpleicf_pdrive/density0064.png (PNG copy)> <./figures/simpleic
f_pdrive/density0066.png (PNG copy)> <./figures/simpleicf_pdrive/density0068.pn
g (PNG copy)> <./figures/simpleicf_pdrive/density0070.png (PNG copy)> <./figure
s/simpleicf_pdrive/density0072.png (PNG copy)> <./figures/simpleicf_pdrive/dens
ity0074.png (PNG copy)> <./figures/simpleicf_pdrive/density0076.png (PNG copy)>
 <./figures/simpleicf_pdrive/density0078.png (PNG copy)> <./figures/simpleicf_p
drive/density0080.png (PNG copy)> <./figures/simpleicf_pdrive/density0082.png (
PNG copy)> <./figures/simpleicf_pdrive/density0084.png (PNG copy)> <./figures/s
impleicf_pdrive/density0086.png (PNG copy)> <./figures/simpleicf_pdrive/density
0088.png (PNG copy)> <./figures/simpleicf_pdrive/density0090.png (PNG copy)> <.
/figures/simpleicf_pdrive/density0092.png (PNG copy)> <./figures/simpleicf_pdri
ve/density0094.png (PNG copy)> <./figures/simpleicf_pdrive/density0096.png (PNG
 copy)> <./figures/simpleicf_pdrive/density0098.png (PNG copy)> <./figures/simp
leicf_pdrive/density0100.png (PNG copy)> <./figures/simpleicf_pdrive/density010
2.png (PNG copy)> <./figures/simpleicf_pdrive/density0104.png (PNG copy)> <./fi
gures/simpleicf_pdrive/density0106.png (PNG copy)> <./figures/simpleicf_pdrive/
density0108.png (PNG copy)> <./figures/simpleicf_pdrive/density0110.png (PNG co
py)> <./figures/simpleicf_pdrive/density0112.png (PNG copy)> <./figures/simplei
cf_pdrive/density0114.png (PNG copy)> <./figures/simpleicf_pdrive/density0116.p
ng (PNG copy)> <./figures/simpleicf_pdrive/density0118.png (PNG copy)> <./figur
es/simpleicf_pdrive/density0120.png (PNG copy)> <./figures/simpleicf_pdrive/den
sity0122.png (PNG copy)> <./figures/simpleicf_pdrive/density0124.png (PNG copy)
> <./figures/simpleicf_pdrive/density0126.png (PNG copy)> <./figures/simpleicf_
pdrive/density0128.png (PNG copy)> <./figures/simpleicf_pdrive/density0130.png 
(PNG copy)> <./figures/simpleicf_pdrive/density0132.png (PNG copy)> <./figures/
simpleicf_pdrive/density0134.png (PNG copy)> <./figures/simpleicf_pdrive/densit
y0136.png (PNG copy)> <./figures/simpleicf_pdrive/density0138.png (PNG copy)> <
./figures/simpleicf_pdrive/density0140.png (PNG copy)> <./figures/simpleicf_pdr
ive/density0142.png (PNG copy)> <./figures/simpleicf_pdrive/density0144.png (PN
G copy)> <./figures/simpleicf_pdrive/density0146.png (PNG copy)> <./figures/sim
pleicf_pdrive/density0148.png (PNG copy)> <./figures/simpleicf_pdrive/density01
50.png (PNG copy)> [14

]
No file talk.toc.
[15

] <figures/RZSchematic.pdf, id=655, 474.77374pt x 423.5825pt>
File: figures/RZSchematic.pdf Graphic file (type pdf)

<use figures/RZSchematic.pdf>
Missing character: There is no ‚ in font cmss8!
Missing character: There is no Ä in font cmss8!
Missing character: There is no ú in font cmss8!
Missing character: There is no ‚ in font cmss8!
Missing character: There is no Ä in font cmss8!
Missing character: There is no ù in font cmss8!

<figures/AxiICFOld.png, id=656, 192.2382pt x 188.8656pt>
File: figures/AxiICFOld.png Graphic file (type png)

<use figures/AxiICFOld.png>
<figures/AxiEnergyConsOld2.png, id=657, 256.3176pt x 187.902pt>
File: figures/AxiEnergyConsOld2.png Graphic file (type png)

<use figures/AxiEnergyConsOld2.png> [16

 <./figures/RZSchematic.pdf> <./figures/AxiICFOld.png> <./figures/AxiEnergyCons
Old2.png>]
Overfull \vbox (206.79636pt too high) detected at line 955
 []

[17

]
Overfull \vbox (206.79636pt too high) detected at line 955
 []

[18

]
Overfull \vbox (206.79636pt too high) detected at line 955
 []

[19

]
Overfull \vbox (206.79636pt too high) detected at line 955
 []

[20

]
Overfull \vbox (206.79636pt too high) detected at line 955
 []

[21

]
Overfull \vbox (206.79636pt too high) detected at line 955
 []

[22

]
Overfull \vbox (206.79636pt too high) detected at line 955
 []

[23

]
Overfull \vbox (206.79636pt too high) detected at line 955
 []

[24

]
Overfull \vbox (206.79636pt too high) detected at line 955
 []

[25

]
Overfull \vbox (206.79636pt too high) detected at line 955
 []

[26

]
Overfull \vbox (206.79636pt too high) detected at line 955
 []

[27

]
Overfull \vbox (206.79636pt too high) detected at line 955
 []

[28

] [29

]
No file talk.toc.
[30

] <figures/CoggMesh_Q2Q1.png, id=761, 975.645pt x 976.64874pt>
File: figures/CoggMesh_Q2Q1.png Graphic file (type png)

<use figures/CoggMesh_Q2Q1.png>
<figures/CoggErrorQ2Q1_V.pdf, id=762, 578.16pt x 433.62pt>
File: figures/CoggErrorQ2Q1_V.pdf Graphic file (type pdf)

<use figures/CoggErrorQ2Q1_V.pdf>
<figures/CoggErrorQ2Q1_E.pdf, id=763, 578.16pt x 433.62pt>
File: figures/CoggErrorQ2Q1_E.pdf Graphic file (type pdf)

<use figures/CoggErrorQ2Q1_E.pdf>
Overfull \hbox (156.23674pt too wide) in paragraph at lines 1104--1104
[][][]  
 []

[31

 <./figures/CoggMesh_Q2Q1.png> <./figures/CoggErrorQ2Q1_V.pdf> <./figures/CoggE
rrorQ2Q1_E.pdf>]
<figures/CoggMesh_Q3Q2.png, id=877, 975.645pt x 976.64874pt>
File: figures/CoggMesh_Q3Q2.png Graphic file (type png)

<use figures/CoggMesh_Q3Q2.png>
<figures/CoggErrorQ3Q2_V.pdf, id=878, 578.16pt x 433.62pt>
File: figures/CoggErrorQ3Q2_V.pdf Graphic file (type pdf)

<use figures/CoggErrorQ3Q2_V.pdf>
<figures/CoggErrorQ3Q2_E.pdf, id=879, 578.16pt x 433.62pt>
File: figures/CoggErrorQ3Q2_E.pdf Graphic file (type pdf)

<use figures/CoggErrorQ3Q2_E.pdf>
Overfull \hbox (156.23674pt too wide) in paragraph at lines 1138--1138
[][][]  
 []

[32

 <./figures/CoggMesh_Q3Q2.png> <./figures/CoggErrorQ3Q2_V.pdf> <./figures/CoggE
rrorQ3Q2_E.pdf>] <./figures/SedovSGH_40x40/sedovaxi_40x40_sgh0000.png (PNG copy
)> <./figures/SedovSGH_40x40/sedovaxi_40x40_sgh0002.png (PNG copy)> <./figures/
SedovSGH_40x40/sedovaxi_40x40_sgh0004.png (PNG copy)> <./figures/SedovSGH_40x40
/sedovaxi_40x40_sgh0006.png (PNG copy)> <./figures/SedovSGH_40x40/sedovaxi_40x4
0_sgh0008.png (PNG copy)> <./figures/SedovSGH_40x40/sedovaxi_40x40_sgh0010.png 
(PNG copy)> <./figures/SedovSGH_40x40/sedovaxi_40x40_sgh0012.png (PNG copy)> <.
/figures/SedovSGH_40x40/sedovaxi_40x40_sgh0014.png (PNG copy)> <./figures/Sedov
SGH_40x40/sedovaxi_40x40_sgh0016.png (PNG copy)> <./figures/SedovSGH_40x40/sedo
vaxi_40x40_sgh0018.png (PNG copy)> <./figures/SedovSGH_40x40/sedovaxi_40x40_sgh
0020.png (PNG copy)> <./figures/SedovSGH_40x40/sedovaxi_40x40_sgh0022.png (PNG 
copy)> <./figures/SedovSGH_40x40/sedovaxi_40x40_sgh0024.png (PNG copy)> <./figu
res/SedovSGH_40x40/sedovaxi_40x40_sgh0026.png (PNG copy)> <./figures/SedovSGH_4
0x40/sedovaxi_40x40_sgh0028.png (PNG copy)> <./figures/SedovSGH_40x40/sedovaxi_
40x40_sgh0030.png (PNG copy)> <./figures/SedovSGH_40x40/sedovaxi_40x40_sgh0032.
png (PNG copy)> <./figures/SedovSGH_40x40/sedovaxi_40x40_sgh0034.png (PNG copy)
> <./figures/SedovSGH_40x40/sedovaxi_40x40_sgh0036.png (PNG copy)> <./figures/S
edovSGH_40x40/sedovaxi_40x40_sgh0038.png (PNG copy)> <./figures/SedovSGH_40x40/
sedovaxi_40x40_sgh0040.png (PNG copy)> <./figures/SedovSGH_40x40/sedovaxi_40x40
_sgh0042.png (PNG copy)> <./figures/SedovSGH_40x40/sedovaxi_40x40_sgh0044.png (
PNG copy)> <./figures/SedovSGH_40x40/sedovaxi_40x40_sgh0046.png (PNG copy)> <./
figures/SedovSGH_40x40/sedovaxi_40x40_sgh0048.png (PNG copy)> <./figures/SedovS
GH_40x40/sedovaxi_40x40_sgh0050.png (PNG copy)> <./figures/SedovSGH_40x40/sedov
axi_40x40_sgh0052.png (PNG copy)> <./figures/SedovSGH_40x40/sedovaxi_40x40_sgh0
054.png (PNG copy)> <./figures/SedovSGH_40x40/sedovaxi_40x40_sgh0056.png (PNG c
opy)> <./figures/SedovSGH_40x40/sedovaxi_40x40_sgh0058.png (PNG copy)> <./figur
es/SedovSGH_40x40/sedovaxi_40x40_sgh0060.png (PNG copy)> <./figures/SedovSGH_40
x40/sedovaxi_40x40_sgh0062.png (PNG copy)> <./figures/SedovSGH_40x40/sedovaxi_4
0x40_sgh0064.png (PNG copy)> <./figures/SedovSGH_40x40/sedovaxi_40x40_sgh0066.p
ng (PNG copy)> <./figures/SedovSGH_40x40/sedovaxi_40x40_sgh0068.png (PNG copy)>
 <./figures/SedovSGH_40x40/sedovaxi_40x40_sgh0070.png (PNG copy)> <./figures/Se
dovSGH_40x40/sedovaxi_40x40_sgh0072.png (PNG copy)> <./figures/SedovSGH_40x40/s
edovaxi_40x40_sgh0074.png (PNG copy)> <./figures/SedovSGH_40x40/sedovaxi_40x40_
sgh0076.png (PNG copy)> <./figures/SedovSGH_40x40/sedovaxi_40x40_sgh0078.png (P
NG copy)> <./figures/SedovSGH_40x40/sedovaxi_40x40_sgh0080.png (PNG copy)> <./f
igures/SedovSGH_40x40/sedovaxi_40x40_sgh0082.png (PNG copy)> <./figures/SedovSG
H_40x40/sedovaxi_40x40_sgh0084.png (PNG copy)> <./figures/SedovSGH_40x40/sedova
xi_40x40_sgh0086.png (PNG copy)> <./figures/SedovSGH_40x40/sedovaxi_40x40_sgh00
88.png (PNG copy)> <./figures/SedovSGH_40x40/sedovaxi_40x40_sgh0090.png (PNG co
py)> <./figures/SedovSGH_40x40/sedovaxi_40x40_sgh0092.png (PNG copy)> <./figure
s/SedovSGH_40x40/sedovaxi_40x40_sgh0094.png (PNG copy)> <./figures/SedovSGH_40x
40/sedovaxi_40x40_sgh0096.png (PNG copy)> <./figures/SedovSGH_40x40/sedovaxi_40
x40_sgh0098.png (PNG copy)> <./figures/SedovSGH_40x40/sedovaxi_40x40_sgh0100.pn
g (PNG copy)> <./figures/SedovFEM_20x20/sedovaxi_20x20_fem0000.png (PNG copy)> 
<./figures/SedovFEM_20x20/sedovaxi_20x20_fem0002.png (PNG copy)> <./figures/Sed
ovFEM_20x20/sedovaxi_20x20_fem0004.png (PNG copy)> <./figures/SedovFEM_20x20/se
dovaxi_20x20_fem0006.png (PNG copy)> <./figures/SedovFEM_20x20/sedovaxi_20x20_f
em0008.png (PNG copy)> <./figures/SedovFEM_20x20/sedovaxi_20x20_fem0010.png (PN
G copy)> <./figures/SedovFEM_20x20/sedovaxi_20x20_fem0012.png (PNG copy)> <./fi
gures/SedovFEM_20x20/sedovaxi_20x20_fem0014.png (PNG copy)> <./figures/SedovFEM
_20x20/sedovaxi_20x20_fem0016.png (PNG copy)> <./figures/SedovFEM_20x20/sedovax
i_20x20_fem0018.png (PNG copy)> <./figures/SedovFEM_20x20/sedovaxi_20x20_fem002
0.png (PNG copy)> <./figures/SedovFEM_20x20/sedovaxi_20x20_fem0022.png (PNG cop
y)> <./figures/SedovFEM_20x20/sedovaxi_20x20_fem0024.png (PNG copy)> <./figures
/SedovFEM_20x20/sedovaxi_20x20_fem0026.png (PNG copy)> <./figures/SedovFEM_20x2
0/sedovaxi_20x20_fem0028.png (PNG copy)> <./figures/SedovFEM_20x20/sedovaxi_20x
20_fem0030.png (PNG copy)> <./figures/SedovFEM_20x20/sedovaxi_20x20_fem0032.png
 (PNG copy)> <./figures/SedovFEM_20x20/sedovaxi_20x20_fem0034.png (PNG copy)> <
./figures/SedovFEM_20x20/sedovaxi_20x20_fem0036.png (PNG copy)> <./figures/Sedo
vFEM_20x20/sedovaxi_20x20_fem0038.png (PNG copy)> <./figures/SedovFEM_20x20/sed
ovaxi_20x20_fem0040.png (PNG copy)> <./figures/SedovFEM_20x20/sedovaxi_20x20_fe
m0042.png (PNG copy)> <./figures/SedovFEM_20x20/sedovaxi_20x20_fem0044.png (PNG
 copy)> <./figures/SedovFEM_20x20/sedovaxi_20x20_fem0046.png (PNG copy)> <./fig
ures/SedovFEM_20x20/sedovaxi_20x20_fem0048.png (PNG copy)> <./figures/SedovFEM_
20x20/sedovaxi_20x20_fem0050.png (PNG copy)> <./figures/SedovFEM_20x20/sedovaxi
_20x20_fem0052.png (PNG copy)> <./figures/SedovFEM_20x20/sedovaxi_20x20_fem0054
.png (PNG copy)> <./figures/SedovFEM_20x20/sedovaxi_20x20_fem0056.png (PNG copy
)> <./figures/SedovFEM_20x20/sedovaxi_20x20_fem0058.png (PNG copy)> <./figures/
SedovFEM_20x20/sedovaxi_20x20_fem0060.png (PNG copy)> <./figures/SedovFEM_20x20
/sedovaxi_20x20_fem0062.png (PNG copy)> <./figures/SedovFEM_20x20/sedovaxi_20x2
0_fem0064.png (PNG copy)> <./figures/SedovFEM_20x20/sedovaxi_20x20_fem0066.png 
(PNG copy)> <./figures/SedovFEM_20x20/sedovaxi_20x20_fem0068.png (PNG copy)> <.
/figures/SedovFEM_20x20/sedovaxi_20x20_fem0070.png (PNG copy)> <./figures/Sedov
FEM_20x20/sedovaxi_20x20_fem0072.png (PNG copy)> <./figures/SedovFEM_20x20/sedo
vaxi_20x20_fem0074.png (PNG copy)> <./figures/SedovFEM_20x20/sedovaxi_20x20_fem
0076.png (PNG copy)> <./figures/SedovFEM_20x20/sedovaxi_20x20_fem0078.png (PNG 
copy)> <./figures/SedovFEM_20x20/sedovaxi_20x20_fem0080.png (PNG copy)> <./figu
res/SedovFEM_20x20/sedovaxi_20x20_fem0082.png (PNG copy)> <./figures/SedovFEM_2
0x20/sedovaxi_20x20_fem0084.png (PNG copy)> <./figures/SedovFEM_20x20/sedovaxi_
20x20_fem0086.png (PNG copy)> <./figures/SedovFEM_20x20/sedovaxi_20x20_fem0088.
png (PNG copy)> <./figures/SedovFEM_20x20/sedovaxi_20x20_fem0090.png (PNG copy)
> <./figures/SedovFEM_20x20/sedovaxi_20x20_fem0092.png (PNG copy)> <./figures/S
edovFEM_20x20/sedovaxi_20x20_fem0094.png (PNG copy)> <./figures/SedovFEM_20x20/
sedovaxi_20x20_fem0096.png (PNG copy)> <./figures/SedovFEM_20x20/sedovaxi_20x20
_fem0098.png (PNG copy)> <./figures/SedovFEM_20x20/sedovaxi_20x20_fem0100.png (
PNG copy)> [33

]
<figures/CodeComparison_SedovLow.png, id=1619, 433.62pt x 450.9648pt>
File: figures/CodeComparison_SedovLow.png Graphic file (type png)

<use figures/CodeComparison_SedovLow.png>
<figures/CodeComparison_SedovHigh.png, id=1620, 433.62pt x 450.9648pt>
File: figures/CodeComparison_SedovHigh.png Graphic file (type png)

<use figures/CodeComparison_SedovHigh.png> [34

 <./figures/CodeComparison_SedovLow.png> <./figures/CodeComparison_SedovHigh.pn
g>]
<figures/EnergyCons_Sedov.pdf, id=1629, 464.1089pt x 456.14008pt>
File: figures/EnergyCons_Sedov.pdf Graphic file (type pdf)

<use figures/EnergyCons_Sedov.pdf>
<figures/EnergyConv_Sedov.pdf, id=1630, 456.58078pt x 456.05382pt>
File: figures/EnergyConv_Sedov.pdf Graphic file (type pdf)

<use figures/EnergyConv_Sedov.pdf> [35

 <./figures/EnergyCons_Sedov.pdf> <./figures/EnergyConv_Sedov.pdf>] <./figures/
NohSGHLag_32x32/nohaxi_sgh_lag_32by320000.png (PNG copy)> <./figures/NohSGHLag_
32x32/nohaxi_sgh_lag_32by320002.png (PNG copy)> <./figures/NohSGHLag_32x32/noha
xi_sgh_lag_32by320004.png (PNG copy)> <./figures/NohSGHLag_32x32/nohaxi_sgh_lag
_32by320006.png (PNG copy)> <./figures/NohSGHLag_32x32/nohaxi_sgh_lag_32by32000
8.png (PNG copy)> <./figures/NohSGHLag_32x32/nohaxi_sgh_lag_32by320010.png (PNG
 copy)> <./figures/NohSGHLag_32x32/nohaxi_sgh_lag_32by320012.png (PNG copy)> <.
/figures/NohSGHLag_32x32/nohaxi_sgh_lag_32by320014.png (PNG copy)> <./figures/N
ohSGHLag_32x32/nohaxi_sgh_lag_32by320016.png (PNG copy)> <./figures/NohSGHLag_3
2x32/nohaxi_sgh_lag_32by320018.png (PNG copy)> <./figures/NohSGHLag_32x32/nohax
i_sgh_lag_32by320020.png (PNG copy)> <./figures/NohSGHLag_32x32/nohaxi_sgh_lag_
32by320022.png (PNG copy)> <./figures/NohSGHLag_32x32/nohaxi_sgh_lag_32by320024
.png (PNG copy)> <./figures/NohSGHLag_32x32/nohaxi_sgh_lag_32by320026.png (PNG 
copy)> <./figures/NohSGHLag_32x32/nohaxi_sgh_lag_32by320028.png (PNG copy)> <./
figures/NohSGHLag_32x32/nohaxi_sgh_lag_32by320030.png (PNG copy)> <./figures/No
hSGHLag_32x32/nohaxi_sgh_lag_32by320032.png (PNG copy)> <./figures/NohSGHLag_32
x32/nohaxi_sgh_lag_32by320034.png (PNG copy)> <./figures/NohSGHLag_32x32/nohaxi
_sgh_lag_32by320036.png (PNG copy)> <./figures/NohSGHLag_32x32/nohaxi_sgh_lag_3
2by320038.png (PNG copy)> <./figures/NohSGHLag_32x32/nohaxi_sgh_lag_32by320040.
png (PNG copy)> <./figures/NohSGHLag_32x32/nohaxi_sgh_lag_32by320042.png (PNG c
opy)> <./figures/NohSGHLag_32x32/nohaxi_sgh_lag_32by320044.png (PNG copy)> <./f
igures/NohSGHLag_32x32/nohaxi_sgh_lag_32by320046.png (PNG copy)> <./figures/Noh
SGHLag_32x32/nohaxi_sgh_lag_32by320048.png (PNG copy)> <./figures/NohSGHLag_32x
32/nohaxi_sgh_lag_32by320050.png (PNG copy)> <./figures/NohSGHLag_32x32/nohaxi_
sgh_lag_32by320052.png (PNG copy)> <./figures/NohSGHLag_32x32/nohaxi_sgh_lag_32
by320054.png (PNG copy)> <./figures/NohSGHLag_32x32/nohaxi_sgh_lag_32by320056.p
ng (PNG copy)> <./figures/NohSGHLag_32x32/nohaxi_sgh_lag_32by320058.png (PNG co
py)> <./figures/NohSGHLag_32x32/nohaxi_sgh_lag_32by320060.png (PNG copy)> <./fi
gures/NohSGHLag_32x32/nohaxi_sgh_lag_32by320062.png (PNG copy)> <./figures/NohS
GHLag_32x32/nohaxi_sgh_lag_32by320064.png (PNG copy)> <./figures/NohSGHLag_32x3
2/nohaxi_sgh_lag_32by320066.png (PNG copy)> <./figures/NohSGHLag_32x32/nohaxi_s
gh_lag_32by320068.png (PNG copy)> <./figures/NohSGHLag_32x32/nohaxi_sgh_lag_32b
y320070.png (PNG copy)> <./figures/NohSGHLag_32x32/nohaxi_sgh_lag_32by320072.pn
g (PNG copy)> <./figures/NohSGHLag_32x32/nohaxi_sgh_lag_32by320074.png (PNG cop
y)> <./figures/NohSGHLag_32x32/nohaxi_sgh_lag_32by320076.png (PNG copy)> <./fig
ures/NohSGHLag_32x32/nohaxi_sgh_lag_32by320078.png (PNG copy)> <./figures/NohSG
HLag_32x32/nohaxi_sgh_lag_32by320080.png (PNG copy)> <./figures/NohSGHLag_32x32
/nohaxi_sgh_lag_32by320082.png (PNG copy)> <./figures/NohSGHLag_32x32/nohaxi_sg
h_lag_32by320084.png (PNG copy)> <./figures/NohSGHLag_32x32/nohaxi_sgh_lag_32by
320086.png (PNG copy)> <./figures/NohSGHLag_32x32/nohaxi_sgh_lag_32by320088.png
 (PNG copy)> <./figures/NohSGHLag_32x32/nohaxi_sgh_lag_32by320090.png (PNG copy
)> <./figures/NohSGHLag_32x32/nohaxi_sgh_lag_32by320092.png (PNG copy)> <./figu
res/NohSGHLag_32x32/nohaxi_sgh_lag_32by320094.png (PNG copy)> <./figures/NohSGH
Lag_32x32/nohaxi_sgh_lag_32by320096.png (PNG copy)> <./figures/NohSGHLag_32x32/
nohaxi_sgh_lag_32by320098.png (PNG copy)> <./figures/NohSGHLag_32x32/nohaxi_sgh
_lag_32by320100.png (PNG copy)> <./figures/NohFEM_32x32/nohaxi_fem_lag_32by3200
02.png (PNG copy)> <./figures/NohFEM_32x32/nohaxi_fem_lag_32by320004.png (PNG c
opy)> <./figures/NohFEM_32x32/nohaxi_fem_lag_32by320006.png (PNG copy)> <./figu
res/NohFEM_32x32/nohaxi_fem_lag_32by320008.png (PNG copy)> <./figures/NohFEM_32
x32/nohaxi_fem_lag_32by320010.png (PNG copy)> <./figures/NohFEM_32x32/nohaxi_fe
m_lag_32by320012.png (PNG copy)> <./figures/NohFEM_32x32/nohaxi_fem_lag_32by320
014.png (PNG copy)> <./figures/NohFEM_32x32/nohaxi_fem_lag_32by320016.png (PNG 
copy)> <./figures/NohFEM_32x32/nohaxi_fem_lag_32by320018.png (PNG copy)> <./fig
ures/NohFEM_32x32/nohaxi_fem_lag_32by320020.png (PNG copy)> <./figures/NohFEM_3
2x32/nohaxi_fem_lag_32by320022.png (PNG copy)> <./figures/NohFEM_32x32/nohaxi_f
em_lag_32by320024.png (PNG copy)> <./figures/NohFEM_32x32/nohaxi_fem_lag_32by32
0026.png (PNG copy)> <./figures/NohFEM_32x32/nohaxi_fem_lag_32by320028.png (PNG
 copy)> <./figures/NohFEM_32x32/nohaxi_fem_lag_32by320030.png (PNG copy)> <./fi
gures/NohFEM_32x32/nohaxi_fem_lag_32by320032.png (PNG copy)> <./figures/NohFEM_
32x32/nohaxi_fem_lag_32by320034.png (PNG copy)> <./figures/NohFEM_32x32/nohaxi_
fem_lag_32by320036.png (PNG copy)> <./figures/NohFEM_32x32/nohaxi_fem_lag_32by3
20038.png (PNG copy)> <./figures/NohFEM_32x32/nohaxi_fem_lag_32by320040.png (PN
G copy)> <./figures/NohFEM_32x32/nohaxi_fem_lag_32by320042.png (PNG copy)> <./f
igures/NohFEM_32x32/nohaxi_fem_lag_32by320044.png (PNG copy)> <./figures/NohFEM
_32x32/nohaxi_fem_lag_32by320046.png (PNG copy)> <./figures/NohFEM_32x32/nohaxi
_fem_lag_32by320048.png (PNG copy)> <./figures/NohFEM_32x32/nohaxi_fem_lag_32by
320050.png (PNG copy)> <./figures/NohFEM_32x32/nohaxi_fem_lag_32by320052.png (P
NG copy)> <./figures/NohFEM_32x32/nohaxi_fem_lag_32by320054.png (PNG copy)> <./
figures/NohFEM_32x32/nohaxi_fem_lag_32by320056.png (PNG copy)> <./figures/NohFE
M_32x32/nohaxi_fem_lag_32by320058.png (PNG copy)> <./figures/NohFEM_32x32/nohax
i_fem_lag_32by320060.png (PNG copy)> <./figures/NohFEM_32x32/nohaxi_fem_lag_32b
y320062.png (PNG copy)> <./figures/NohFEM_32x32/nohaxi_fem_lag_32by320064.png (
PNG copy)> <./figures/NohFEM_32x32/nohaxi_fem_lag_32by320066.png (PNG copy)> <.
/figures/NohFEM_32x32/nohaxi_fem_lag_32by320068.png (PNG copy)> <./figures/NohF
EM_32x32/nohaxi_fem_lag_32by320070.png (PNG copy)> <./figures/NohFEM_32x32/noha
xi_fem_lag_32by320072.png (PNG copy)> <./figures/NohFEM_32x32/nohaxi_fem_lag_32
by320074.png (PNG copy)> <./figures/NohFEM_32x32/nohaxi_fem_lag_32by320076.png 
(PNG copy)> <./figures/NohFEM_32x32/nohaxi_fem_lag_32by320078.png (PNG copy)> <
./figures/NohFEM_32x32/nohaxi_fem_lag_32by320080.png (PNG copy)> <./figures/Noh
FEM_32x32/nohaxi_fem_lag_32by320082.png (PNG copy)> <./figures/NohFEM_32x32/noh
axi_fem_lag_32by320084.png (PNG copy)> <./figures/NohFEM_32x32/nohaxi_fem_lag_3
2by320086.png (PNG copy)> <./figures/NohFEM_32x32/nohaxi_fem_lag_32by320088.png
 (PNG copy)> <./figures/NohFEM_32x32/nohaxi_fem_lag_32by320090.png (PNG copy)> 
<./figures/NohFEM_32x32/nohaxi_fem_lag_32by320092.png (PNG copy)> <./figures/No
hFEM_32x32/nohaxi_fem_lag_32by320094.png (PNG copy)> <./figures/NohFEM_32x32/no
haxi_fem_lag_32by320096.png (PNG copy)> <./figures/NohFEM_32x32/nohaxi_fem_lag_
32by320098.png (PNG copy)> <./figures/NohFEM_32x32/nohaxi_fem_lag_32by320100.pn
g (PNG copy)> [36

] <./figures/NohSGH_ALE_64x64/nohaxi_sgh_ale_64by640000.png (PNG copy)> <./figu
res/NohSGH_ALE_64x64/nohaxi_sgh_ale_64by640002.png (PNG copy)> <./figures/NohSG
H_ALE_64x64/nohaxi_sgh_ale_64by640004.png (PNG copy)> <./figures/NohSGH_ALE_64x
64/nohaxi_sgh_ale_64by640006.png (PNG copy)> <./figures/NohSGH_ALE_64x64/nohaxi
_sgh_ale_64by640008.png (PNG copy)> <./figures/NohSGH_ALE_64x64/nohaxi_sgh_ale_
64by640010.png (PNG copy)> <./figures/NohSGH_ALE_64x64/nohaxi_sgh_ale_64by64001
2.png (PNG copy)> <./figures/NohSGH_ALE_64x64/nohaxi_sgh_ale_64by640014.png (PN
G copy)> <./figures/NohSGH_ALE_64x64/nohaxi_sgh_ale_64by640016.png (PNG copy)> 
<./figures/NohSGH_ALE_64x64/nohaxi_sgh_ale_64by640018.png (PNG copy)> <./figure
s/NohSGH_ALE_64x64/nohaxi_sgh_ale_64by640020.png (PNG copy)> <./figures/NohSGH_
ALE_64x64/nohaxi_sgh_ale_64by640022.png (PNG copy)> <./figures/NohSGH_ALE_64x64
/nohaxi_sgh_ale_64by640024.png (PNG copy)> <./figures/NohSGH_ALE_64x64/nohaxi_s
gh_ale_64by640026.png (PNG copy)> <./figures/NohSGH_ALE_64x64/nohaxi_sgh_ale_64
by640028.png (PNG copy)> <./figures/NohSGH_ALE_64x64/nohaxi_sgh_ale_64by640030.
png (PNG copy)> <./figures/NohSGH_ALE_64x64/nohaxi_sgh_ale_64by640032.png (PNG 
copy)> <./figures/NohSGH_ALE_64x64/nohaxi_sgh_ale_64by640034.png (PNG copy)> <.
/figures/NohSGH_ALE_64x64/nohaxi_sgh_ale_64by640036.png (PNG copy)> <./figures/
NohSGH_ALE_64x64/nohaxi_sgh_ale_64by640038.png (PNG copy)> <./figures/NohSGH_AL
E_64x64/nohaxi_sgh_ale_64by640040.png (PNG copy)> <./figures/NohSGH_ALE_64x64/n
ohaxi_sgh_ale_64by640042.png (PNG copy)> <./figures/NohSGH_ALE_64x64/nohaxi_sgh
_ale_64by640044.png (PNG copy)> <./figures/NohSGH_ALE_64x64/nohaxi_sgh_ale_64by
640046.png (PNG copy)> <./figures/NohSGH_ALE_64x64/nohaxi_sgh_ale_64by640048.pn
g (PNG copy)> <./figures/NohSGH_ALE_64x64/nohaxi_sgh_ale_64by640050.png (PNG co
py)> <./figures/NohSGH_ALE_64x64/nohaxi_sgh_ale_64by640052.png (PNG copy)> <./f
igures/NohSGH_ALE_64x64/nohaxi_sgh_ale_64by640054.png (PNG copy)> <./figures/No
hSGH_ALE_64x64/nohaxi_sgh_ale_64by640056.png (PNG copy)> <./figures/NohSGH_ALE_
64x64/nohaxi_sgh_ale_64by640058.png (PNG copy)> <./figures/NohSGH_ALE_64x64/noh
axi_sgh_ale_64by640060.png (PNG copy)> <./figures/NohSGH_ALE_64x64/nohaxi_sgh_a
le_64by640062.png (PNG copy)> <./figures/NohSGH_ALE_64x64/nohaxi_sgh_ale_64by64
0064.png (PNG copy)> <./figures/NohSGH_ALE_64x64/nohaxi_sgh_ale_64by640066.png 
(PNG copy)> <./figures/NohSGH_ALE_64x64/nohaxi_sgh_ale_64by640068.png (PNG copy
)> <./figures/NohSGH_ALE_64x64/nohaxi_sgh_ale_64by640070.png (PNG copy)> <./fig
ures/NohSGH_ALE_64x64/nohaxi_sgh_ale_64by640072.png (PNG copy)> <./figures/NohS
GH_ALE_64x64/nohaxi_sgh_ale_64by640074.png (PNG copy)> <./figures/NohSGH_ALE_64
x64/nohaxi_sgh_ale_64by640076.png (PNG copy)> <./figures/NohSGH_ALE_64x64/nohax
i_sgh_ale_64by640078.png (PNG copy)> <./figures/NohSGH_ALE_64x64/nohaxi_sgh_ale
_64by640080.png (PNG copy)> <./figures/NohSGH_ALE_64x64/nohaxi_sgh_ale_64by6400
82.png (PNG copy)> <./figures/NohSGH_ALE_64x64/nohaxi_sgh_ale_64by640084.png (P
NG copy)> <./figures/NohSGH_ALE_64x64/nohaxi_sgh_ale_64by640086.png (PNG copy)>
 <./figures/NohSGH_ALE_64x64/nohaxi_sgh_ale_64by640088.png (PNG copy)> <./figur
es/NohSGH_ALE_64x64/nohaxi_sgh_ale_64by640090.png (PNG copy)> <./figures/NohSGH
_ALE_64x64/nohaxi_sgh_ale_64by640092.png (PNG copy)> <./figures/NohSGH_ALE_64x6
4/nohaxi_sgh_ale_64by640094.png (PNG copy)> <./figures/NohSGH_ALE_64x64/nohaxi_
sgh_ale_64by640096.png (PNG copy)> <./figures/NohSGH_ALE_64x64/nohaxi_sgh_ale_6
4by640098.png (PNG copy)> <./figures/NohSGH_ALE_64x64/nohaxi_sgh_ale_64by640100
.png (PNG copy)>
!pdfTeX error: pdflatex (file  figures/NohFEM_32x32/nohaxi_fem_lag_32by320100.p
ng): cannot find image file
 ==> Fatal error occurred, no output PDF file produced!
